<?xml version="1.0" encoding="UTF-8"?>
<!-- Generated by org.testng.reporters.JUnitReportReporter -->
<testsuite skipped="0" hostname="DESKTOP-CTN8QTI" name="TestRunner" tests="2" failures="0" timestamp="2021-04-01T22:13:57 EDT" time="12.182" errors="0">
  <testcase name="runScenario" time="4.882" classname="TestRunner"/>
  <system-out/>
  <testcase name="runScenario" time="7.300" classname="TestRunner"/>
  <system-out/>
</testsuite> <!-- TestRunner -->
