<?xml version="1.0" encoding="UTF-8"?>
<!-- Generated by org.testng.reporters.JUnitReportReporter -->
<testsuite skipped="0" hostname="DESKTOP-CTN8QTI" name="TestRunner" tests="2" failures="0" timestamp="2021-03-31T01:47:43 EDT" time="9.814" errors="0">
  <testcase name="runScenario" time="3.932" classname="TestRunner"/>
  <system-out/>
  <testcase name="runScenario" time="5.882" classname="TestRunner"/>
  <system-out/>
</testsuite> <!-- TestRunner -->
