<?xml version="1.0" encoding="UTF-8"?>
<!-- Generated by org.testng.reporters.JUnitReportReporter -->
<testsuite skipped="0" hostname="DESKTOP-CTN8QTI" name="TestRunner" tests="2" failures="0" timestamp="2021-04-02T01:29:33 EDT" time="50.043" errors="0">
  <testcase name="runScenario" time="46.037" classname="TestRunner"/>
  <system-out/>
  <testcase name="runScenario" time="4.006" classname="TestRunner"/>
  <system-out/>
</testsuite> <!-- TestRunner -->
