<?xml version="1.0" encoding="UTF-8"?>
<!-- Generated by org.testng.reporters.JUnitReportReporter -->
<testsuite skipped="0" hostname="DESKTOP-CTN8QTI" name="TestRunner" tests="1" failures="0" timestamp="2021-04-17T00:36:25 EDT" time="7.935" errors="0">
  <testcase name="runScenario" time="7.935" classname="TestRunner"/>
  <system-out/>
</testsuite> <!-- TestRunner -->
