<?xml version="1.0" encoding="UTF-8"?>
<!-- Generated by org.testng.reporters.JUnitReportReporter -->
<testsuite skipped="0" hostname="DESKTOP-CTN8QTI" name="TestRunner" tests="1" failures="0" timestamp="2021-04-10T01:36:22 EDT" time="74.624" errors="0">
  <testcase name="runScenario" time="74.624" classname="TestRunner"/>
  <system-out/>
</testsuite> <!-- TestRunner -->
